<?xml version="1.0" encoding="UTF-8"?>
<testsuite name="MainTest" tests="4" skipped="0" failures="0" errors="0" timestamp="2021-03-08T13:48:24" hostname="LAPTOP-372B8605" time="0.031">
  <properties/>
  <testcase name="testPrintNumbers()" classname="MainTest" time="0.026"/>
  <testcase name="testTriangleArea1()" classname="MainTest" time="0.001"/>
  <testcase name="testInvalidInputTriangleArea()" classname="MainTest" time="0.002"/>
  <testcase name="testSystemOut()" classname="MainTest" time="0.001"/>
  <system-out><![CDATA[]]></system-out>
  <system-err><![CDATA[]]></system-err>
</testsuite>
